<?xml version="1.0" encoding="utf-8"?><testsuites><testsuite name="pytest" errors="0" failures="5" skipped="0" tests="9" time="1.481" timestamp="2025-09-29T15:13:26.377874" hostname="不懂"><testcase classname="testscase.test_login.TestLogin" name="test_home_page" time="0.134" /><testcase classname="testscase.test_login.TestLogin" name="test_user_login_success" time="0.184" /><testcase classname="testscase.test_login.TestLogin" name="test_user_login" time="0.068" /><testcase classname="testscase.test_login.TestLogin" name="test_user_wrong_password" time="0.066" /><testcase classname="testscase.test_register.TestRegister" name="test_user_register_success" time="0.068"><failure message="AssertionError: 期望注册成功码为1，实际为0&#10;assert 0 == 1">testscase\test_register.py:36: in test_user_register_success
    assert response_json["code"] == 1, f"期望注册成功码为1，实际为{response_json['code']}"
E   AssertionError: 期望注册成功码为1，实际为0
E   assert 0 == 1</failure></testcase><testcase classname="testscase.test_register.TestRegister" name="test_user_register_username_exists" time="0.095"><failure message="AssertionError: 用户名已存在错误信息不正确&#10;assert ('已存在' in '账号已被占用' or 'exist' in '账号已被占用' or '重复' in '账号已被占用')&#10; +  where '账号已被占用' = str('账号已被占用')&#10; +  and   '账号已被占用' = &lt;built-in method lower of str object at 0x000001E29C874800&gt;()&#10; +    where &lt;built-in method lower of str object at 0x000001E29C874800&gt; = '账号已被占用'.lower&#10; +      where '账号已被占用' = str('账号已被占用')&#10; +  and   '账号已被占用' = str('账号已被占用')">testscase\test_register.py:87: in test_user_register_username_exists
    assert "已存在" in str(msg) or "exist" in str(msg).lower() or "重复" in str(msg), "用户名已存在错误信息不正确"
E   AssertionError: 用户名已存在错误信息不正确
E   assert ('已存在' in '账号已被占用' or 'exist' in '账号已被占用' or '重复' in '账号已被占用')
E    +  where '账号已被占用' = str('账号已被占用')
E    +  and   '账号已被占用' = &lt;built-in method lower of str object at 0x000001E29C874800&gt;()
E    +    where &lt;built-in method lower of str object at 0x000001E29C874800&gt; = '账号已被占用'.lower
E    +      where '账号已被占用' = str('账号已被占用')
E    +  and   '账号已被占用' = str('账号已被占用')</failure></testcase><testcase classname="testscase.test_register.TestRegister" name="test_user_register_invalid_params" time="0.073"><failure message="AssertionError: 参数验证错误信息不正确&#10;assert ('用户名' in '账号已被占用' or 'username' in '账号已被占用' or '参数' in '账号已被占用')&#10; +  where '账号已被占用' = str('账号已被占用')&#10; +  and   '账号已被占用' = &lt;built-in method lower of str object at 0x000001E29C875D40&gt;()&#10; +    where &lt;built-in method lower of str object at 0x000001E29C875D40&gt; = '账号已被占用'.lower&#10; +      where '账号已被占用' = str('账号已被占用')&#10; +  and   '账号已被占用' = str('账号已被占用')">testscase\test_register.py:126: in test_user_register_invalid_params
    assert "用户名" in str(msg) or "username" in str(msg).lower() or "参数" in str(msg), "参数验证错误信息不正确"
E   AssertionError: 参数验证错误信息不正确
E   assert ('用户名' in '账号已被占用' or 'username' in '账号已被占用' or '参数' in '账号已被占用')
E    +  where '账号已被占用' = str('账号已被占用')
E    +  and   '账号已被占用' = &lt;built-in method lower of str object at 0x000001E29C875D40&gt;()
E    +    where &lt;built-in method lower of str object at 0x000001E29C875D40&gt; = '账号已被占用'.lower
E    +      where '账号已被占用' = str('账号已被占用')
E    +  and   '账号已被占用' = str('账号已被占用')</failure></testcase><testcase classname="testscase.test_register.TestRegister" name="test_user_register_empty_password" time="0.064"><failure message="AssertionError: 密码为空错误信息不正确&#10;assert ('密码' in '账号已被占用' or 'password' in '账号已被占用' or '参数' in '账号已被占用')&#10; +  where '账号已被占用' = str('账号已被占用')&#10; +  and   '账号已被占用' = &lt;built-in method lower of str object at 0x000001E29C875430&gt;()&#10; +    where &lt;built-in method lower of str object at 0x000001E29C875430&gt; = '账号已被占用'.lower&#10; +      where '账号已被占用' = str('账号已被占用')&#10; +  and   '账号已被占用' = str('账号已被占用')">testscase\test_register.py:165: in test_user_register_empty_password
    assert "密码" in str(msg) or "password" in str(msg).lower() or "参数" in str(msg), "密码为空错误信息不正确"
E   AssertionError: 密码为空错误信息不正确
E   assert ('密码' in '账号已被占用' or 'password' in '账号已被占用' or '参数' in '账号已被占用')
E    +  where '账号已被占用' = str('账号已被占用')
E    +  and   '账号已被占用' = &lt;built-in method lower of str object at 0x000001E29C875430&gt;()
E    +    where &lt;built-in method lower of str object at 0x000001E29C875430&gt; = '账号已被占用'.lower
E    +      where '账号已被占用' = str('账号已被占用')
E    +  and   '账号已被占用' = str('账号已被占用')</failure></testcase><testcase classname="testscase.test_register.TestRegister" name="test_user_register_missing_params" time="0.085"><failure message="AssertionError: 缺少参数错误信息不正确&#10;assert ('参数' in &quot;\n### Error updating database.  Cause: java.sql.SQLIntegrityConstraintViolationException: Column 'password' cannot be null\n### The error may exist in com/slt/slt/mapper/UserMapper.java (best guess)\n### The error may involve com.slt.slt.mapper.UserMapper.register-Inline\n### The error occurred while setting parameters\n### SQL: Insert into users(user_number,password) values(?,?)\n### Cause: java.sql.SQLIntegrityConstraintViolationException: Column 'password' cannot be null\n; Column 'password' cannot be null&quot; or 'required' in &quot;\n### error updating database.  cause: java.sql.sqlintegrityconstraintviolationexception: column 'password' cannot be null\n### the error may exist in com/slt/slt/mapper/usermapper.java (best guess)\n### the error may involve com.slt.slt.mapper.usermapper.register-inline\n### the error occurred while setting parameters\n### sql: insert into users(user_number,password) values(?,?)\n### cause: java.sql.sqlintegrityconstraintviolationexception: column 'password' cannot be null\n; column 'password' cannot be null&quot; or '缺少' in &quot;\n### Error updating database.  Cause: java.sql.SQLIntegrityConstraintViolationException: Column 'password' cannot be null\n### The error may exist in com/slt/slt/mapper/UserMapper.java (best guess)\n### The error may involve com.slt.slt.mapper.UserMapper.register-Inline\n### The error occurred while setting parameters\n### SQL: Insert into users(user_number,password) values(?,?)\n### Cause: java.sql.SQLIntegrityConstraintViolationException: Column 'password' cannot be null\n; Column 'password' cannot be null&quot;)&#10; +  where &quot;\n### Error updating database.  Cause: java.sql.SQLIntegrityConstraintViolationException: Column 'password' cannot be null\n### The error may exist in com/slt/slt/mapper/UserMapper.java (best guess)\n### The error may involve com.slt.slt.mapper.UserMapper.register-Inline\n### The error occurred while setting parameters\n### SQL: Insert into users(user_number,password) values(?,?)\n### Cause: java.sql.SQLIntegrityConstraintViolationException: Column 'password' cannot be null\n; Column 'password' cannot be null&quot; = str(&quot;\n### Error updating database.  Cause: java.sql.SQLIntegrityConstraintViolationException: Column 'password' cannot be null\n### The error may exist in com/slt/slt/mapper/UserMapper.java (best guess)\n### The error may involve com.slt.slt.mapper.UserMapper.register-Inline\n### The error occurred while setting parameters\n### SQL: Insert into users(user_number,password) values(?,?)\n### Cause: java.sql.SQLIntegrityConstraintViolationException: Column 'password' cannot be null\n; Column 'password' cannot be null&quot;)&#10; +  and   &quot;\n### error updating database.  cause: java.sql.sqlintegrityconstraintviolationexception: column 'password' cannot be null\n### the error may exist in com/slt/slt/mapper/usermapper.java (best guess)\n### the error may involve com.slt.slt.mapper.usermapper.register-inline\n### the error occurred while setting parameters\n### sql: insert into users(user_number,password) values(?,?)\n### cause: java.sql.sqlintegrityconstraintviolationexception: column 'password' cannot be null\n; column 'password' cannot be null&quot; = &lt;built-in method lower of str object at 0x000001E29BB95FE0&gt;()&#10; +    where &lt;built-in method lower of str object at 0x000001E29BB95FE0&gt; = &quot;\n### Error updating database.  Cause: java.sql.SQLIntegrityConstraintViolationException: Column 'password' cannot be null\n### The error may exist in com/slt/slt/mapper/UserMapper.java (best guess)\n### The error may involve com.slt.slt.mapper.UserMapper.register-Inline\n### The error occurred while setting parameters\n### SQL: Insert into users(user_number,password) values(?,?)\n### Cause: java.sql.SQLIntegrityConstraintViolationException: Column 'password' cannot be null\n; Column 'password' cannot be null&quot;.lower&#10; +      where &quot;\n### Error updating database.  Cause: java.sql.SQLIntegrityConstraintViolationException: Column 'password' cannot be null\n### The error may exist in com/slt/slt/mapper/UserMapper.java (best guess)\n### The error may involve com.slt.slt.mapper.UserMapper.register-Inline\n### The error occurred while setting parameters\n### SQL: Insert into users(user_number,password) values(?,?)\n### Cause: java.sql.SQLIntegrityConstraintViolationException: Column 'password' cannot be null\n; Column 'password' cannot be null&quot; = str(&quot;\n### Error updating database.  Cause: java.sql.SQLIntegrityConstraintViolationException: Column 'password' cannot be null\n### The error may exist in com/slt/slt/mapper/UserMapper.java (best guess)\n### The error may involve com.slt.slt.mapper.UserMapper.register-Inline\n### The error occurred while setting parameters\n### SQL: Insert into users(user_number,password) values(?,?)\n### Cause: java.sql.SQLIntegrityConstraintViolationException: Column 'password' cannot be null\n; Column 'password' cannot be null&quot;)&#10; +  and   &quot;\n### Error updating database.  Cause: java.sql.SQLIntegrityConstraintViolationException: Column 'password' cannot be null\n### The error may exist in com/slt/slt/mapper/UserMapper.java (best guess)\n### The error may involve com.slt.slt.mapper.UserMapper.register-Inline\n### The error occurred while setting parameters\n### SQL: Insert into users(user_number,password) values(?,?)\n### Cause: java.sql.SQLIntegrityConstraintViolationException: Column 'password' cannot be null\n; Column 'password' cannot be null&quot; = str(&quot;\n### Error updating database.  Cause: java.sql.SQLIntegrityConstraintViolationException: Column 'password' cannot be null\n### The error may exist in com/slt/slt/mapper/UserMapper.java (best guess)\n### The error may involve com.slt.slt.mapper.UserMapper.register-Inline\n### The error occurred while setting parameters\n### SQL: Insert into users(user_number,password) values(?,?)\n### Cause: java.sql.SQLIntegrityConstraintViolationException: Column 'password' cannot be null\n; Column 'password' cannot be null&quot;)">testscase\test_register.py:203: in test_user_register_missing_params
    assert "参数" in str(msg) or "required" in str(msg).lower() or "缺少" in str(msg), "缺少参数错误信息不正确"
E   AssertionError: 缺少参数错误信息不正确
E   assert ('参数' in "\n### Error updating database.  Cause: java.sql.SQLIntegrityConstraintViolationException: Column 'password' cannot be null\n### The error may exist in com/slt/slt/mapper/UserMapper.java (best guess)\n### The error may involve com.slt.slt.mapper.UserMapper.register-Inline\n### The error occurred while setting parameters\n### SQL: Insert into users(user_number,password) values(?,?)\n### Cause: java.sql.SQLIntegrityConstraintViolationException: Column 'password' cannot be null\n; Column 'password' cannot be null" or 'required' in "\n### error updating database.  cause: java.sql.sqlintegrityconstraintviolationexception: column 'password' cannot be null\n### the error may exist in com/slt/slt/mapper/usermapper.java (best guess)\n### the error may involve com.slt.slt.mapper.usermapper.register-inline\n### the error occurred while setting parameters\n### sql: insert into users(user_number,password) values(?,?)\n### cause: java.sql.sqlintegrityconstraintviolationexception: column 'password' cannot be null\n; column 'password' cannot be null" or '缺少' in "\n### Error updating database.  Cause: java.sql.SQLIntegrityConstraintViolationException: Column 'password' cannot be null\n### The error may exist in com/slt/slt/mapper/UserMapper.java (best guess)\n### The error may involve com.slt.slt.mapper.UserMapper.register-Inline\n### The error occurred while setting parameters\n### SQL: Insert into users(user_number,password) values(?,?)\n### Cause: java.sql.SQLIntegrityConstraintViolationException: Column 'password' cannot be null\n; Column 'password' cannot be null")
E    +  where "\n### Error updating database.  Cause: java.sql.SQLIntegrityConstraintViolationException: Column 'password' cannot be null\n### The error may exist in com/slt/slt/mapper/UserMapper.java (best guess)\n### The error may involve com.slt.slt.mapper.UserMapper.register-Inline\n### The error occurred while setting parameters\n### SQL: Insert into users(user_number,password) values(?,?)\n### Cause: java.sql.SQLIntegrityConstraintViolationException: Column 'password' cannot be null\n; Column 'password' cannot be null" = str("\n### Error updating database.  Cause: java.sql.SQLIntegrityConstraintViolationException: Column 'password' cannot be null\n### The error may exist in com/slt/slt/mapper/UserMapper.java (best guess)\n### The error may involve com.slt.slt.mapper.UserMapper.register-Inline\n### The error occurred while setting parameters\n### SQL: Insert into users(user_number,password) values(?,?)\n### Cause: java.sql.SQLIntegrityConstraintViolationException: Column 'password' cannot be null\n; Column 'password' cannot be null")
E    +  and   "\n### error updating database.  cause: java.sql.sqlintegrityconstraintviolationexception: column 'password' cannot be null\n### the error may exist in com/slt/slt/mapper/usermapper.java (best guess)\n### the error may involve com.slt.slt.mapper.usermapper.register-inline\n### the error occurred while setting parameters\n### sql: insert into users(user_number,password) values(?,?)\n### cause: java.sql.sqlintegrityconstraintviolationexception: column 'password' cannot be null\n; column 'password' cannot be null" = &lt;built-in method lower of str object at 0x000001E29BB95FE0&gt;()
E    +    where &lt;built-in method lower of str object at 0x000001E29BB95FE0&gt; = "\n### Error updating database.  Cause: java.sql.SQLIntegrityConstraintViolationException: Column 'password' cannot be null\n### The error may exist in com/slt/slt/mapper/UserMapper.java (best guess)\n### The error may involve com.slt.slt.mapper.UserMapper.register-Inline\n### The error occurred while setting parameters\n### SQL: Insert into users(user_number,password) values(?,?)\n### Cause: java.sql.SQLIntegrityConstraintViolationException: Column 'password' cannot be null\n; Column 'password' cannot be null".lower
E    +      where "\n### Error updating database.  Cause: java.sql.SQLIntegrityConstraintViolationException: Column 'password' cannot be null\n### The error may exist in com/slt/slt/mapper/UserMapper.java (best guess)\n### The error may involve com.slt.slt.mapper.UserMapper.register-Inline\n### The error occurred while setting parameters\n### SQL: Insert into users(user_number,password) values(?,?)\n### Cause: java.sql.SQLIntegrityConstraintViolationException: Column 'password' cannot be null\n; Column 'password' cannot be null" = str("\n### Error updating database.  Cause: java.sql.SQLIntegrityConstraintViolationException: Column 'password' cannot be null\n### The error may exist in com/slt/slt/mapper/UserMapper.java (best guess)\n### The error may involve com.slt.slt.mapper.UserMapper.register-Inline\n### The error occurred while setting parameters\n### SQL: Insert into users(user_number,password) values(?,?)\n### Cause: java.sql.SQLIntegrityConstraintViolationException: Column 'password' cannot be null\n; Column 'password' cannot be null")
E    +  and   "\n### Error updating database.  Cause: java.sql.SQLIntegrityConstraintViolationException: Column 'password' cannot be null\n### The error may exist in com/slt/slt/mapper/UserMapper.java (best guess)\n### The error may involve com.slt.slt.mapper.UserMapper.register-Inline\n### The error occurred while setting parameters\n### SQL: Insert into users(user_number,password) values(?,?)\n### Cause: java.sql.SQLIntegrityConstraintViolationException: Column 'password' cannot be null\n; Column 'password' cannot be null" = str("\n### Error updating database.  Cause: java.sql.SQLIntegrityConstraintViolationException: Column 'password' cannot be null\n### The error may exist in com/slt/slt/mapper/UserMapper.java (best guess)\n### The error may involve com.slt.slt.mapper.UserMapper.register-Inline\n### The error occurred while setting parameters\n### SQL: Insert into users(user_number,password) values(?,?)\n### Cause: java.sql.SQLIntegrityConstraintViolationException: Column 'password' cannot be null\n; Column 'password' cannot be null")</failure></testcase></testsuite></testsuites>